2021-02-24 00:26:41.360  INFO 22336 --- [main] lavalink.server.Launcher                 : 

[32m       .  [31m _                  _ _       _    [32m__ _ _
[32m      /\\ [31m| | __ ___   ____ _| (_)_ __ | | __[32m\ \ \ \
[32m     ( ( )[31m| |/ _` \ \ / / _` | | | '_ \| |/ /[32m \ \ \ \
[32m      \\/ [31m| | (_| |\ V / (_| | | | | | |   < [32m  ) ) ) )
[32m       '  [31m|_|\__,_| \_/ \__,_|_|_|_| |_|_|\_\[32m / / / /
[0m    =========================================[32m/_/_/_/[0m

	Version:        3.3.2.3
	Build:          1176
	Build time:     28.12.2020 18:59:16 UTC
	Branch          master
	Commit:         68d398a
	Commit time:    28.12.2020 18:56:23 UTC
	JVM:            11
	Lavaplayer      1.3.65

2021-02-24 00:26:41.456  INFO 22336 --- [main] lavalink.server.Launcher                 : Starting Launcher on DESKTOP-MP208GD with PID 22336 (C:\Users\guyst\Desktop\Discord Bot\Lavalink.jar started by guyst in C:\Users\guyst\Desktop\Discord Bot)
2021-02-24 00:26:41.457  INFO 22336 --- [main] lavalink.server.Launcher                 : No active profile set, falling back to default profiles: default
2021-02-24 00:26:41.546  WARN 22336 --- [background-preinit] o.s.h.c.j.Jackson2ObjectMapperBuilder    : For Jackson Kotlin classes support please add "com.fasterxml.jackson.module:jackson-module-kotlin" to the classpath
2021-02-24 00:26:42.757  WARN 22336 --- [main] io.undertow.websockets.jsr               : UT026010: Buffer pool was not set on WebSocketDeploymentInfo, the default pool will be used
2021-02-24 00:26:42.780  INFO 22336 --- [main] io.undertow.servlet                      : Initializing Spring embedded WebApplicationContext
2021-02-24 00:26:42.781  INFO 22336 --- [main] o.s.web.context.ContextLoader            : Root WebApplicationContext: initialization completed in 1282 ms
2021-02-24 00:26:43.111  WARN 22336 --- [main] l.server.config.SentryConfiguration      : Turning off sentry
2021-02-24 00:26:43.332  INFO 22336 --- [main] c.s.d.l.tools.GarbageCollectionMonitor   : GC monitoring enabled, reporting results every 2 minutes.
2021-02-24 00:26:43.466  INFO 22336 --- [main] lavalink.server.config.KoeConfiguration  : OS: Windows 10, Arch: amd64
2021-02-24 00:26:43.467  WARN 22336 --- [main] lavalink.server.config.KoeConfiguration  : This system and architecture appears to not support native audio sending! GC pauses may cause your bot to stutter during playback.
2021-02-24 00:26:43.635  INFO 22336 --- [main] o.s.s.concurrent.ThreadPoolTaskExecutor  : Initializing ExecutorService 'applicationTaskExecutor'
2021-02-24 00:26:43.856  INFO 22336 --- [main] org.xnio                                 : XNIO version 3.3.8.Final
2021-02-24 00:26:43.865  INFO 22336 --- [main] org.xnio.nio                             : XNIO NIO Implementation Version 3.3.8.Final
2021-02-24 00:26:43.910  INFO 22336 --- [main] o.s.b.w.e.u.UndertowServletWebServer     : Undertow started on port(s) 2333 (http) with context path ''
2021-02-24 00:26:43.913  INFO 22336 --- [main] lavalink.server.Launcher                 : Started Launcher in 2.976 seconds (JVM running for 3.419)
2021-02-24 00:26:43.916  INFO 22336 --- [main] lavalink.server.Launcher                 : You can safely ignore the big red warning about illegal reflection. See https://github.com/Frederikam/Lavalink/issues/295
2021-02-24 00:29:58.977  INFO 1680 --- [main] lavalink.server.Launcher                 : 

[32m       .  [31m _                  _ _       _    [32m__ _ _
[32m      /\\ [31m| | __ ___   ____ _| (_)_ __ | | __[32m\ \ \ \
[32m     ( ( )[31m| |/ _` \ \ / / _` | | | '_ \| |/ /[32m \ \ \ \
[32m      \\/ [31m| | (_| |\ V / (_| | | | | | |   < [32m  ) ) ) )
[32m       '  [31m|_|\__,_| \_/ \__,_|_|_|_| |_|_|\_\[32m / / / /
[0m    =========================================[32m/_/_/_/[0m

	Version:        3.3.2.3
	Build:          1176
	Build time:     28.12.2020 18:59:16 UTC
	Branch          master
	Commit:         68d398a
	Commit time:    28.12.2020 18:56:23 UTC
	JVM:            11
	Lavaplayer      1.3.65

2021-02-24 00:29:59.081  INFO 1680 --- [main] lavalink.server.Launcher                 : Starting Launcher on DESKTOP-MP208GD with PID 1680 (C:\Users\guyst\Desktop\Discord Bot\Lavalink.jar started by guyst in C:\Users\guyst\Desktop\Discord Bot)
2021-02-24 00:29:59.082  INFO 1680 --- [main] lavalink.server.Launcher                 : No active profile set, falling back to default profiles: default
2021-02-24 00:29:59.182  WARN 1680 --- [background-preinit] o.s.h.c.j.Jackson2ObjectMapperBuilder    : For Jackson Kotlin classes support please add "com.fasterxml.jackson.module:jackson-module-kotlin" to the classpath
2021-02-24 00:30:00.495  WARN 1680 --- [main] io.undertow.websockets.jsr               : UT026010: Buffer pool was not set on WebSocketDeploymentInfo, the default pool will be used
2021-02-24 00:30:00.519  INFO 1680 --- [main] io.undertow.servlet                      : Initializing Spring embedded WebApplicationContext
2021-02-24 00:30:00.519  INFO 1680 --- [main] o.s.web.context.ContextLoader            : Root WebApplicationContext: initialization completed in 1391 ms
2021-02-24 00:30:00.820  WARN 1680 --- [main] l.server.config.SentryConfiguration      : Turning off sentry
2021-02-24 00:30:01.015  INFO 1680 --- [main] c.s.d.l.tools.GarbageCollectionMonitor   : GC monitoring enabled, reporting results every 2 minutes.
2021-02-24 00:30:01.152  INFO 1680 --- [main] lavalink.server.config.KoeConfiguration  : OS: Windows 10, Arch: amd64
2021-02-24 00:30:01.153  WARN 1680 --- [main] lavalink.server.config.KoeConfiguration  : This system and architecture appears to not support native audio sending! GC pauses may cause your bot to stutter during playback.
2021-02-24 00:30:01.319  INFO 1680 --- [main] o.s.s.concurrent.ThreadPoolTaskExecutor  : Initializing ExecutorService 'applicationTaskExecutor'
2021-02-24 00:30:01.530  INFO 1680 --- [main] org.xnio                                 : XNIO version 3.3.8.Final
2021-02-24 00:30:01.539  INFO 1680 --- [main] org.xnio.nio                             : XNIO NIO Implementation Version 3.3.8.Final
2021-02-24 00:30:01.584  INFO 1680 --- [main] o.s.b.w.e.u.UndertowServletWebServer     : Undertow started on port(s) 2333 (http) with context path ''
2021-02-24 00:30:01.588  INFO 1680 --- [main] lavalink.server.Launcher                 : Started Launcher in 3.083 seconds (JVM running for 3.533)
2021-02-24 00:30:01.590  INFO 1680 --- [main] lavalink.server.Launcher                 : You can safely ignore the big red warning about illegal reflection. See https://github.com/Frederikam/Lavalink/issues/295
